0 info it worked if it ends with ok
1 verbose cli [ 'C:\\Program Files\\nodejs\\node.exe',
1 verbose cli   'C:\\Program Files\\nodejs\\node_modules\\npm\\bin\\npm-cli.js',
1 verbose cli   'start' ]
2 info using npm@3.10.10
3 info using node@v6.11.3
4 verbose run-script [ 'prestart', 'start', 'poststart' ]
5 info lifecycle ejemplo4@0.0.0~prestart: ejemplo4@0.0.0
6 silly lifecycle ejemplo4@0.0.0~prestart: no script for prestart, continuing
7 info lifecycle ejemplo4@0.0.0~start: ejemplo4@0.0.0
8 verbose lifecycle ejemplo4@0.0.0~start: unsafe-perm in lifecycle true
9 verbose lifecycle ejemplo4@0.0.0~start: PATH: C:\Program Files\nodejs\node_modules\npm\bin\node-gyp-bin;C:\Users\Oblivion\Documents\Maestria\Desarrollo\ejemplo4\node_modules\.bin;C:\PROGRAMDATA\ORACLE\JAVA\JAVAPATH;C:\PROGRAM FILES (X86)\INTEL\ICLS CLIENT\;C:\PROGRAM FILES\INTEL\ICLS CLIENT\;C:\WINDOWS\SYSTEM32;C:\WINDOWS;C:\WINDOWS\SYSTEM32\WBEM;C:\WINDOWS\SYSTEM32\WINDOWSPOWERSHELL\V1.0\;C:\PROGRAM FILES\INTEL\WIFI\BIN\;C:\PROGRAM FILES\COMMON FILES\INTEL\WIRELESSCOMMON\;C:\PROGRAM FILES (X86)\INTEL\INTEL(R) MANAGEMENT ENGINE COMPONENTS\DAL;C:\PROGRAM FILES\INTEL\INTEL(R) MANAGEMENT ENGINE COMPONENTS\DAL;C:\PROGRAM FILES (X86)\INTEL\INTEL(R) MANAGEMENT ENGINE COMPONENTS\IPT;C:\PROGRAM FILES\INTEL\INTEL(R) MANAGEMENT ENGINE COMPONENTS\IPT;C:\PROGRAM FILES\MATLAB\MATLAB PRODUCTION SERVER\R2015A\RUNTIME\WIN64;C:\PROGRAM FILES\MATLAB\MATLAB PRODUCTION SERVER\R2015A\BIN;C:\PROGRAM FILES\MATLAB\MATLAB PRODUCTION SERVER\R2015A\POLYSPACE\BIN;C:\PROGRAM FILES\MYSQL\MYSQL UTILITIES 1.6\;C:\PROGRAM FILES\MICROSOFT SQL SERVER\CLIENT SDK\ODBC\110\TOOLS\BINN\;C:\PROGRAM FILES (X86)\MICROSOFT SQL SERVER\120\TOOLS\BINN\;C:\PROGRAM FILES\MICROSOFT SQL SERVER\120\TOOLS\BINN\;C:\PROGRAM FILES\MICROSOFT SQL SERVER\120\DTS\BINN\;C:\PROGRAM FILES (X86)\WINDOWS KITS\8.1\WINDOWS PERFORMANCE TOOLKIT\;C:\PROGRAM FILES (X86)\NVIDIA CORPORATION\PHYSX\COMMON;C:\SWTOOLS\READYAPPS;C:\PROGRAM FILES\NODEJS\;C:\PROGRAM FILES (X86)\GITEXTENSIONS\;;C:\Program Files\ThinkPad\Bluetooth Software\;C:\Program Files\ThinkPad\Bluetooth Software\syswow64;C:\Users\Oblivion\AppData\Local\Programs\Python\Python36-32\Scripts\;C:\Users\Oblivion\AppData\Local\Programs\Python\Python36-32\;C:\Program Files\Intel\WiFi\bin\;C:\Program Files\Common Files\Intel\WirelessCommon\;C:\Users\Oblivion\AppData\Roaming\npm;C:\Users\Oblivion\AppData\Local\GitHubDesktop\bin
10 verbose lifecycle ejemplo4@0.0.0~start: CWD: C:\Users\Oblivion\Documents\Maestria\Desarrollo\ejemplo4
11 silly lifecycle ejemplo4@0.0.0~start: Args: [ '/d /s /c', 'node ./bin/www' ]
12 silly lifecycle ejemplo4@0.0.0~start: Returned: code: 3221225786  signal: null
13 info lifecycle ejemplo4@0.0.0~start: Failed to exec start script
14 verbose stack Error: ejemplo4@0.0.0 start: `node ./bin/www`
14 verbose stack Exit status 3221225786
14 verbose stack     at EventEmitter.<anonymous> (C:\Program Files\nodejs\node_modules\npm\lib\utils\lifecycle.js:255:16)
14 verbose stack     at emitTwo (events.js:106:13)
14 verbose stack     at EventEmitter.emit (events.js:191:7)
14 verbose stack     at ChildProcess.<anonymous> (C:\Program Files\nodejs\node_modules\npm\lib\utils\spawn.js:40:14)
14 verbose stack     at emitTwo (events.js:106:13)
14 verbose stack     at ChildProcess.emit (events.js:191:7)
14 verbose stack     at maybeClose (internal/child_process.js:920:16)
14 verbose stack     at Process.ChildProcess._handle.onexit (internal/child_process.js:230:5)
15 verbose pkgid ejemplo4@0.0.0
16 verbose cwd C:\Users\Oblivion\Documents\Maestria\Desarrollo\ejemplo4
17 error Windows_NT 6.1.7601
18 error argv "C:\\Program Files\\nodejs\\node.exe" "C:\\Program Files\\nodejs\\node_modules\\npm\\bin\\npm-cli.js" "start"
19 error node v6.11.3
20 error npm  v3.10.10
21 error code ELIFECYCLE
22 error ejemplo4@0.0.0 start: `node ./bin/www`
22 error Exit status 3221225786
23 error Failed at the ejemplo4@0.0.0 start script 'node ./bin/www'.
23 error Make sure you have the latest version of node.js and npm installed.
23 error If you do, this is most likely a problem with the ejemplo4 package,
23 error not with npm itself.
23 error Tell the author that this fails on your system:
23 error     node ./bin/www
23 error You can get information on how to open an issue for this project with:
23 error     npm bugs ejemplo4
23 error Or if that isn't available, you can get their info via:
23 error     npm owner ls ejemplo4
23 error There is likely additional logging output above.
24 verbose exit [ 1, true ]
